Scrape ACEH BARAT DAYA...
Scrape ACEH SELATAN...
Scrape AMBARAWA...
Scrape AMBON...
Scrape AMUNTAI...
Scrape ANAMBAS...
Scrape ARFAK...
Scrape ARGAMAKMUR...
Scrape ASAHAN...
ASAHAN AEK KUASAN 'NoneType' object has no attribute 'findAll'
ASAHAN AEK LEDONG 'NoneType' object has no attribute 'findAll'
ASAHAN AEK SONGSONGAN 'NoneType' object has no attribute 'findAll'
ASAHAN AIR BATU 'NoneType' object has no attribute 'findAll'
ASAHAN AIR JORMAN 'NoneType' object has no attribute 'findAll'
ASAHAN ASAHAN 'NoneType' object has no attribute 'findAll'
ASAHAN BANDAR PASIR MANDOGE 'NoneType' object has no attribute 'findAll'
ASAHAN BANDAR PULAU 'NoneType' object has no attribute 'findAll'
ASAHAN BUNTU PANE 'NoneType' object has no attribute 'findAll'
ASAHAN KISARAN BARAT KOTA 'NoneType' object has no attribute 'findAll'
ASAHAN KISARAN TIMUR KOTA 'NoneType' object has no attribute 'findAll'
ASAHAN MERANTI 'NoneType' object has no attribute 'findAll'
ASAHAN PULAU RAKYAT 'NoneType' object has no attribute 'findAll'
ASAHAN PULO BANDRING 'NoneType' object has no attribute 'findAll'
ASAHAN RAHUNING 'NoneType' object has no attribute 'findAll'
ASAHAN RAWANG PANCA ARGA 'NoneType' object has no attribute 'findAll'
ASAHAN SEI DADAP 'NoneType' object has no attribute 'findAll'
ASAHAN SEI KEPAYANG 'NoneType' object has no attribute 'findAll'
ASAHAN SEI KEPAYANG BARAT 'NoneType' object has no attribute 'findAll'
ASAHAN SEI KEPAYANG TIMUR 'NoneType' object has no attribute 'findAll'
ASAHAN SETIA JANJI 'NoneType' object has no attribute 'findAll'
ASAHAN SILAU LAUT 'NoneType' object has no attribute 'findAll'
ASAHAN SIMPANG EMPAT 'NoneType' object has no attribute 'findAll'
ASAHAN TELUK DALAM 'NoneType' object has no attribute 'findAll'
ASAHAN TINGGI RAJA 'NoneType' object has no attribute 'findAll'
Scrape ASMAT...
Scrape BAA...
Scrape BADUNG...
Scrape BAJAWA...
Scrape BALANGAN...
Scrape BALIKPAPAN...
Scrape BANDA ACEH...
BANDA ACEH LUENG BATA 'NoneType' object has no attribute 'findAll'
Scrape BANDAR LAMPUNG...
Scrape BANDUNG...
BANDUNG CIBEUNYING KIDUL 'NoneType' object has no attribute 'findAll'
BANDUNG CIDADAP 'NoneType' object has no attribute 'findAll'
BANDUNG CILENGKARENG 'NoneType' object has no attribute 'findAll'
Scrape BANGGAI...
Scrape BANGGAI KEPULAUAN...
Scrape BANGGAI LAUT...
Scrape BANGKA...
Scrape BANGKA BARAT...
Scrape BANGKA SELATAN...
BANGKA SELATAN KEPULAUAN PONGOK 'NoneType' object has no attribute 'findAll'
Scrape BANGKA TENGAH...
Scrape BANGKALAN...
Scrape BANGKO...
BANGKO TABIS LINTAS 'NoneType' object has no attribute 'findAll'
Scrape BANGLI...
Scrape BANJAR...
BANJAR DAYEUHLUHUR 'NoneType' object has no attribute 'findAll'
Scrape BANJARBARU...
Scrape BANJARMASIN...
Scrape BANJARNEGARA...
Scrape BANTAENG...
BANTAENG SINOA 'NoneType' object has no attribute 'findAll'
Scrape BANTUL...
Scrape BANYUASIN...
BANYUASIN SUAK TEPEH 'NoneType' object has no attribute 'findAll'
Scrape BANYUMAS...
Scrape BANYUWANGI...
Scrape BARRU...
Scrape BATAM...
Scrape BATANG...
Scrape BATANG HARI...
Scrape BATU...
BATU KARANGPLOSO 'NoneType' object has no attribute 'findAll'
Scrape BATU BARA...
Scrape BATURAJA...
BATURAJA PENINJAUAN 'NoneType' object has no attribute 'findAll'
Scrape BAU-BAU...
Scrape BEKASI...
BEKASI CIKARANG BARAT 'NoneType' object has no attribute 'findAll'
Scrape BELITUNG...
Scrape BELITUNG TIMUR...
Scrape BELU...
BELU BOTIN LEO BELE 'NoneType' object has no attribute 'findAll'
BELU KAKULUK MASA 'NoneType' object has no attribute 'findAll'
BELU KOBALIMA 'NoneType' object has no attribute 'findAll'
BELU KOBALIMA TIMUR 'NoneType' object has no attribute 'findAll'
BELU LAEN MANEN 'NoneType' object has no attribute 'findAll'
BELU LAMAKNEN 'NoneType' object has no attribute 'findAll'
BELU LAMAKNEN SELATAN 'NoneType' object has no attribute 'findAll'
BELU LASIOLAT 'NoneType' object has no attribute 'findAll'
BELU LO KUFEU 'NoneType' object has no attribute 'findAll'
BELU MALAKA BARAT 'NoneType' object has no attribute 'findAll'
BELU MALAKA TENGAH 'NoneType' object has no attribute 'findAll'
BELU MALAKA TIMUR 'NoneType' object has no attribute 'findAll'
BELU NANAET DUA BESI 'NoneType' object has no attribute 'findAll'
BELU RAIHAT 'NoneType' object has no attribute 'findAll'
BELU RAIMANUK 'NoneType' object has no attribute 'findAll'
BELU RINHAT 'NoneType' object has no attribute 'findAll'
BELU SASITAMEAN 'NoneType' object has no attribute 'findAll'
BELU TESIFETO BARAT 'NoneType' object has no attribute 'findAll'
BELU TESIFETO TIMUR 'NoneType' object has no attribute 'findAll'
BELU WELIMAN 'NoneType' object has no attribute 'findAll'
BELU WEWIKU 'NoneType' object has no attribute 'findAll'
Scrape BENGKALIS...
Scrape BENGKAYANG...
Scrape BENGKULU...
Scrape BENGKULU TENGAH...
Scrape BERAU...
Scrape BIAK...
Scrape BIMA...
Scrape BINJAI...
Scrape BINTAN...
Scrape BIREUEN...
Scrape BITUNG...
Scrape BLITAR...
BLITAR BAKUNG 'NoneType' object has no attribute 'findAll'
BLITAR BINANGUN 'NoneType' object has no attribute 'findAll'
BLITAR DOKO 'NoneType' object has no attribute 'findAll'
BLITAR GANDUSARI 'NoneType' object has no attribute 'findAll'
BLITAR GARUM 'NoneType' object has no attribute 'findAll'
BLITAR KADEMANGAN 'NoneType' object has no attribute 'findAll'
BLITAR KANIGORO 'NoneType' object has no attribute 'findAll'
BLITAR KEPANJEN KIDUL 'NoneType' object has no attribute 'findAll'
BLITAR KESAMBEN 'NoneType' object has no attribute 'findAll'
BLITAR NGLEGOK 'NoneType' object has no attribute 'findAll'
BLITAR PANGGUNGREJO 'NoneType' object has no attribute 'findAll'
BLITAR PONGGOK 'NoneType' object has no attribute 'findAll'
BLITAR REMBANG 'NoneType' object has no attribute 'findAll'
BLITAR SANAN KULON 'NoneType' object has no attribute 'findAll'
BLITAR SANAN WETAN 'NoneType' object has no attribute 'findAll'
BLITAR SELOPURO 'NoneType' object has no attribute 'findAll'
BLITAR SELOREJO 'NoneType' object has no attribute 'findAll'
BLITAR SRENGAT 'NoneType' object has no attribute 'findAll'
BLITAR SUKOREJO 'NoneType' object has no attribute 'findAll'
BLITAR SUTOJAYAN 'NoneType' object has no attribute 'findAll'
BLITAR TALUN 'NoneType' object has no attribute 'findAll'
BLITAR UDANAWU 'NoneType' object has no attribute 'findAll'
BLITAR WATES 'NoneType' object has no attribute 'findAll'
BLITAR WLINGI 'NoneType' object has no attribute 'findAll'
BLITAR WONODADI 'NoneType' object has no attribute 'findAll'
BLITAR WONOTIRTO 'NoneType' object has no attribute 'findAll'
Scrape BLORA...
Scrape BOGOR...
BOGOR BOGOR SELATAN 'NoneType' object has no attribute 'findAll'
BOGOR BOGOR TENGAH 'NoneType' object has no attribute 'findAll'
BOGOR BOGOR UTARA 'NoneType' object has no attribute 'findAll'
BOGOR CIOMAS 'NoneType' object has no attribute 'findAll'
BOGOR SUKARAJA 'NoneType' object has no attribute 'findAll'
BOGOR TAMANSARI 'NoneType' object has no attribute 'findAll'
BOGOR TANAH SEREAL 'NoneType' object has no attribute 'findAll'
Scrape BOJONEGORO...
Scrape BOLAANG MONGONDOW...
Scrape BOLAANG MONGONDOW TIMUR...
Scrape BOLAANG MONGONDOW UTARA...
BOLAANG MONGONDOW UTARA BOLANG？ITANG BARAT 'NoneType' object has no attribute 'findAll'
Scrape BOMBANA...
Scrape BONDOWOSO...
Scrape BONE...
BONE AJANGALE 'NoneType' object has no attribute 'findAll'
BONE AMALI 'NoneType' object has no attribute 'findAll'
BONE AWANGPONE 'NoneType' object has no attribute 'findAll'
BONE BAREBBO 'NoneType' object has no attribute 'findAll'
BONE BENGO 'NoneType' object has no attribute 'findAll'
BONE BONTOCANI 'NoneType' object has no attribute 'findAll'
BONE CENRANA 'NoneType' object has no attribute 'findAll'
BONE CINA 'NoneType' object has no attribute 'findAll'
BONE DUA BOCCOE 'NoneType' object has no attribute 'findAll'
BONE KAHU 'NoneType' object has no attribute 'findAll'
BONE KAJUARA 'NoneType' object has no attribute 'findAll'
BONE LAMURU 'NoneType' object has no attribute 'findAll'
BONE LAPPARIAJA 'NoneType' object has no attribute 'findAll'
BONE LIBURENG 'NoneType' object has no attribute 'findAll'
BONE MARE 'NoneType' object has no attribute 'findAll'
BONE PALAKKA 'NoneType' object has no attribute 'findAll'
BONE PATIMPENG 'NoneType' object has no attribute 'findAll'
BONE PONRE 'NoneType' object has no attribute 'findAll'
BONE SALOMEKKO 'NoneType' object has no attribute 'findAll'
BONE SIBULUE 'NoneType' object has no attribute 'findAll'
BONE TANETE RIATTANG 'NoneType' object has no attribute 'findAll'
BONE TANETE RIATTANG BARAT 'NoneType' object has no attribute 'findAll'
BONE TANETE RIATTANG TIMUR 'NoneType' object has no attribute 'findAll'
BONE TELLU LIMPOE 'NoneType' object has no attribute 'findAll'
BONE TELLU SIATTINGE 'NoneType' object has no attribute 'findAll'
BONE TONRA 'NoneType' object has no attribute 'findAll'
BONE ULAWENG 'NoneType' object has no attribute 'findAll'
Scrape BONTANG...
Scrape BORONG...
Scrape BOVEN DIGOEL...
Scrape BOYOLALI...
Scrape BREBES...
Scrape BUKIT TINGGI...
Scrape BULELENG...
Scrape BULUKUMBA...
Scrape BULUNGAN...
Scrape BUNTOK...
Expecting value: line 1 column 1 (char 0)
Scrape BUOL...
Scrape BURU...
BURU FENA LEISELA 'NoneType' object has no attribute 'findAll'
Scrape BURU SELATAN...
Scrape BUTON...
Scrape BUTON UTARA...
Scrape CALANG...
Scrape CARUBAN...
Scrape CEPU...
Scrape CIAMIS...
CIAMIS BANJARSARI 'NoneType' object has no attribute 'findAll'
CIAMIS CIMARAGAS 'NoneType' object has no attribute 'findAll'
CIAMIS CISAGA 'NoneType' object has no attribute 'findAll'
CIAMIS LAKBOK 'NoneType' object has no attribute 'findAll'
CIAMIS PAMARICAN 'NoneType' object has no attribute 'findAll'
CIAMIS PURWODADI 'NoneType' object has no attribute 'findAll'
CIAMIS RANCAH 'NoneType' object has no attribute 'findAll'
Scrape CIANJUR...
Scrape CIKARANG...
Scrape CILACAP...
Scrape CILEGON...
Scrape CIREBON...
CIREBON KLAGENAN 'NoneType' object has no attribute 'findAll'
CIREBON PASALEMAN 'NoneType' object has no attribute 'findAll'
Scrape DAIRI...
Scrape DATARAN HUNIMOA...
Scrape DEIYAI...
Scrape DELI SERDANG...
DELI SERDANG BELAWAN 'NoneType' object has no attribute 'findAll'
DELI SERDANG MARELAN 'NoneType' object has no attribute 'findAll'
Scrape DEMAK...
Scrape DENPASAR...
Scrape DEPOK...
Scrape DHAMASRAYA...
Scrape DOGIYAI...
Scrape DOMPU...
Scrape DONGGALA...
Scrape DUMAI...
Scrape EMPAT LAWANG...
Scrape ENDE...
Scrape ENREKANG...
Scrape FAK-FAK...
Scrape GARUT...
Scrape GAYO LUES...
Scrape GIANYAR...
Scrape GORONTALO...
GORONTALO TIBAWA 'NoneType' object has no attribute 'findAll'
Scrape GORONTALO UTARA...
Scrape GOWA...
Scrape GRESIK...
Scrape GROBOGAN...
GROBOGAN KARANGAYUNG 'NoneType' object has no attribute 'findAll'
GROBOGAN TEGOWAINU 'NoneType' object has no attribute 'findAll'
Scrape GUNUNG SITOLI...
GUNUNG SITOLI GUNUNG SITOLI UTARA 'NoneType' object has no attribute 'findAll'
Scrape HALMAHERA BARAT...
Scrape HALMAHERA SELATAN...
Scrape HALMAHERA TENGAH...
Scrape HALMAHERA TIMUR...
Scrape HALMAHERA UTARA...
Scrape HULU SUNGAI TENGAH...
Scrape HUMBANG HASUNDUTAN...
HUMBANG HASUNDUTAN PAKKAT 'NoneType' object has no attribute 'findAll'
HUMBANG HASUNDUTAN PARILITAN 'NoneType' object has no attribute 'findAll'
Scrape IDI RAYEUK...
Scrape INDRAGIRI HILIR...
Scrape INDRAGIRI HULU...
Scrape INDRAMAYU...
Scrape INTAN JAYA...
Scrape JAKARTA...
JAKARTA JAGARAKSA 'NoneType' object has no attribute 'findAll'
Scrape JAMBI...
JAMBI TELANAIPURA 'NoneType' object has no attribute 'findAll'
Scrape JANTHO...
Scrape JAYAPURA...
Scrape JAYAWIJAYA...
JAYAWIJAYA POGA 'NoneType' object has no attribute 'findAll'
Scrape JEMBER...
Scrape JEMBRANA...
Scrape JENEPONTO...
Scrape JEPARA...
Scrape JOMBANG...
Scrape KAB.BIMA...
Scrape KAB.GORONTALO...
Scrape KAB.SERANG...
Scrape KAB.SORONG...
KAB.SORONG AIMAS 'NoneType' object has no attribute 'findAll'
KAB.SORONG BERAUR 'NoneType' object has no attribute 'findAll'
KAB.SORONG KLAMONO 'NoneType' object has no attribute 'findAll'
KAB.SORONG MAKBON 'NoneType' object has no attribute 'findAll'
KAB.SORONG MAYAMUK 'NoneType' object has no attribute 'findAll'
KAB.SORONG SALAWATI 'NoneType' object has no attribute 'findAll'
Scrape KAIMANA...
Scrape KALABAHI...
Scrape KAMPAR...
Scrape KANDANGAN...
Scrape KAPUAS HULU...
Scrape KARANG ANYAR...
KARANG ANYAR JATEN 'NoneType' object has no attribute 'findAll'
Scrape KARANG ASEM...
Scrape KARAWANG...
Scrape KARIMUN...
Scrape KARO...
Scrape KATINGAN...
Scrape KAUR...
KAUR KAUR 'NoneType' object has no attribute 'findAll'
KAUR KAUR SELATAN 'NoneType' object has no attribute 'findAll'
KAUR KAUR UTARA 'NoneType' object has no attribute 'findAll'
KAUR KELAM TENGAH 'NoneType' object has no attribute 'findAll'
KAUR KINAL 'NoneType' object has no attribute 'findAll'
KAUR LUAS 'NoneType' object has no attribute 'findAll'
KAUR LUNGKANG KULE 'NoneType' object has no attribute 'findAll'
KAUR MAJE 'NoneType' object has no attribute 'findAll'
KAUR MUARA SAHUNG 'NoneType' object has no attribute 'findAll'
KAUR MUATA TETAP 'NoneType' object has no attribute 'findAll'
KAUR NASAL 'NoneType' object has no attribute 'findAll'
KAUR PADANG GUCI HULU 'NoneType' object has no attribute 'findAll'
KAUR PADANG GUCI ILIR 'NoneType' object has no attribute 'findAll'
KAUR SEMIDANG GUMAI 'NoneType' object has no attribute 'findAll'
KAUR TANJUNG KEMUNING 'NoneType' object has no attribute 'findAll'
Scrape KAYONG UTARA...
Scrape KAYU AGUNG...
Scrape KEBUMEN...
KEBUMEN PADURESO 'NoneType' object has no attribute 'findAll'
Scrape KEDIRI...
Scrape KEEROM...
'NoneType' object is not subscriptable
Scrape KENDAL...
Scrape KENDARI...
KENDARI ABELI 'NoneType' object has no attribute 'findAll'
KENDARI KAMBU 'NoneType' object has no attribute 'findAll'
KENDARI KENDARI 'NoneType' object has no attribute 'findAll'
KENDARI KENDARI BARAT 'NoneType' object has no attribute 'findAll'
Scrape KEPAHIANG...
Scrape KEPANJEN...
'NoneType' object is not subscriptable
Scrape KEPULAUAN ARU...
Scrape KEPULAUAN MERANTI...
Scrape KEPULAUAN SIAU...
Scrape KEPULAUAN TALAUD...
Scrape KEPULAUAN TALIABU...
Expecting value: line 1 column 1 (char 0)
Scrape KERINCI...
Scrape KETAPANG...
KETAPANG KETAPANG BARAT 'NoneType' object has no attribute 'findAll'
KETAPANG KETAPANG KOTA 'NoneType' object has no attribute 'findAll'
KETAPANG KETAPANG TIMUR 'NoneType' object has no attribute 'findAll'
Scrape KLATEN...
Scrape KLUNGKUNG...
KLUNGKUNG BANJARANGKAN 'NoneType' object has no attribute 'findAll'
KLUNGKUNG DAWAN 'NoneType' object has no attribute 'findAll'
KLUNGKUNG NUSAPEDINA 'NoneType' object has no attribute 'findAll'
Scrape KOLAKA...
Scrape KOLAKA UTARA...
Scrape KONAWE...
KONAWE WANONI TENGGARA 'NoneType' object has no attribute 'findAll'
KONAWE WANONI TIMUR LAUT 'NoneType' object has no attribute 'findAll'
Scrape KONAWE SELATAN...
KONAWE SELATAN KOLONO
 'NoneType' object has no attribute 'findAll'
Scrape KONAWE UTARA...
Scrape KOTA MOBAGU...
KOTA MOBAGU KOTAMUBAGU？SELATAN 'NoneType' object has no attribute 'findAll'
Scrape KOTABARU...
KOTABARU SAMPANAHAN 'NoneType' object has no attribute 'findAll'
Scrape KOTAWARINGIN TIMUR...
Scrape KUALA KAPUAS...
KUALA KAPUAS KAPUAS BARAT 'NoneType' object has no attribute 'findAll'
KUALA KAPUAS KAPUAS HILIR 'NoneType' object has no attribute 'findAll'
KUALA KAPUAS KAPUAS KUALA 'NoneType' object has no attribute 'findAll'
KUALA KAPUAS KAPUAS TIMUR 'NoneType' object has no attribute 'findAll'
KUALA KAPUAS SELAT 'NoneType' object has no attribute 'findAll'
Scrape KUALA KURUN...
KUALA KURUN RUNGAN 'NoneType' object has no attribute 'findAll'
Scrape KUALA PEMBUANG...
Scrape KUALA SIMPANG...
Scrape KUATAN SINGINGI...
Scrape KUBURAYA...
Scrape KUDUS...
KUDUS PEMALANG 'NoneType' object has no attribute 'findAll'
Scrape KULON PROGO...
KULON PROGO WATES 'NoneType' object has no attribute 'findAll'
Scrape KUNINGAN...
KUNINGAN CIBINGIN 'NoneType' object has no attribute 'findAll'
Scrape KUPANG...
Scrape KUTACANE...
KUTACANE BABUSSLAM 'NoneType' object has no attribute 'findAll'
Scrape KUTAI TIMUR...
KUTAI TIMUR BATU AMPAR 'NoneType' object has no attribute 'findAll'
KUTAI TIMUR BENGALON 'NoneType' object has no attribute 'findAll'
KUTAI TIMUR BUSANG 'NoneType' object has no attribute 'findAll'
KUTAI TIMUR KALIORANG 'NoneType' object has no attribute 'findAll'
KUTAI TIMUR KARANGAN 'NoneType' object has no attribute 'findAll'
KUTAI TIMUR KAUBUN 'NoneType' object has no attribute 'findAll'
KUTAI TIMUR KONGBENG 'NoneType' object has no attribute 'findAll'
KUTAI TIMUR LONG MESANGAT 'NoneType' object has no attribute 'findAll'
KUTAI TIMUR MUARA ANCALONG 'NoneType' object has no attribute 'findAll'
KUTAI TIMUR MUARA BENGKAL 'NoneType' object has no attribute 'findAll'
KUTAI TIMUR MUARA WAHAU 'NoneType' object has no attribute 'findAll'
KUTAI TIMUR RANTAU PULUNG 'NoneType' object has no attribute 'findAll'
KUTAI TIMUR SANDARAN 'NoneType' object has no attribute 'findAll'
KUTAI TIMUR SANGATA SELATAN 'NoneType' object has no attribute 'findAll'
KUTAI TIMUR SANGATA UTARA 'NoneType' object has no attribute 'findAll'
KUTAI TIMUR SANGKULIRANG 'NoneType' object has no attribute 'findAll'
KUTAI TIMUR TELEN 'NoneType' object has no attribute 'findAll'
KUTAI TIMUR TELUK PANDAN 'NoneType' object has no attribute 'findAll'
Scrape LABUAN BAJO...
Scrape LABUAN BATU...
LABUAN BATU BILAH BARAT 'NoneType' object has no attribute 'findAll'
LABUAN BATU BILAH HILIR 'NoneType' object has no attribute 'findAll'
LABUAN BATU BILAH HULU 'NoneType' object has no attribute 'findAll'
LABUAN BATU PANAI HILIR 'NoneType' object has no attribute 'findAll'
LABUAN BATU PANAI HULU 'NoneType' object has no attribute 'findAll'
LABUAN BATU PANAI TENGAH 'NoneType' object has no attribute 'findAll'
LABUAN BATU PANGKATAN 'NoneType' object has no attribute 'findAll'
Scrape LABUHAN BATU SELATAN...
Scrape LABUHAN BATU UTARA...
Scrape LAHAT...
LAHAT GUMAY TALANG 'NoneType' object has no attribute 'findAll'
LAHAT GUMAY ULU 'NoneType' object has no attribute 'findAll'
LAHAT JARAI 'NoneType' object has no attribute 'findAll'
LAHAT KIKIM BARAT 'NoneType' object has no attribute 'findAll'
LAHAT KIKIM SELATAN 'NoneType' object has no attribute 'findAll'
LAHAT KIKIM TENGAH 'NoneType' object has no attribute 'findAll'
LAHAT KIKIM TIMUR 'NoneType' object has no attribute 'findAll'
LAHAT KOTA AGUNG 'NoneType' object has no attribute 'findAll'
LAHAT LAHAT 'NoneType' object has no attribute 'findAll'
LAHAT MERAPI BARAT 'NoneType' object has no attribute 'findAll'
LAHAT MERAPI SELATAN 'NoneType' object has no attribute 'findAll'
LAHAT MERAPI TIMUR 'NoneType' object has no attribute 'findAll'
LAHAT MUARA PAYANG 'NoneType' object has no attribute 'findAll'
LAHAT MULAK HULU 'NoneType' object has no attribute 'findAll'
LAHAT PAGAR GUNUNG 'NoneType' object has no attribute 'findAll'
LAHAT PAJAR BULAN 'NoneType' object has no attribute 'findAll'
LAHAT PSEKSU 'NoneType' object has no attribute 'findAll'
LAHAT TANJUNG SAKTI PUMI 'NoneType' object has no attribute 'findAll'
LAHAT TANJUNG SAKTI PUMU 'NoneType' object has no attribute 'findAll'
LAHAT TANJUNG TEBAT 'NoneType' object has no attribute 'findAll'
Scrape LAMANDAU...
Scrape LAMONGAN...
Scrape LAMPUNG BARAT...
LAMPUNG BARAT BENGKUNAT 'NoneType' object has no attribute 'findAll'
LAMPUNG BARAT BENGKUNAT BELIMBING 'NoneType' object has no attribute 'findAll'
LAMPUNG BARAT KARYA PENGGAWA 'NoneType' object has no attribute 'findAll'
LAMPUNG BARAT KRUI SELATAN 'NoneType' object has no attribute 'findAll'
LAMPUNG BARAT LEMONG 'NoneType' object has no attribute 'findAll'
LAMPUNG BARAT NGAMBUR 'NoneType' object has no attribute 'findAll'
LAMPUNG BARAT PESISIR SELATAN 'NoneType' object has no attribute 'findAll'
LAMPUNG BARAT PESISIR TENGAH 'NoneType' object has no attribute 'findAll'
LAMPUNG BARAT PESISIR UTARA 'NoneType' object has no attribute 'findAll'
LAMPUNG BARAT PULAU PISANG 'NoneType' object has no attribute 'findAll'
LAMPUNG BARAT WAY KRUI 'NoneType' object has no attribute 'findAll'
Scrape LAMPUNG SELATAN...
LAMPUNG SELATAN TANJUNG BINTANG 'NoneType' object has no attribute 'findAll'
Scrape LAMPUNG TENGAH...
LAMPUNG TENGAH ANAK RATU AJI 'NoneType' object has no attribute 'findAll'
LAMPUNG TENGAH BUMI NABUNG 'NoneType' object has no attribute 'findAll'
LAMPUNG TENGAH KALIREJO 'NoneType' object has no attribute 'findAll'
LAMPUNG TENGAH KOTA GAJAH 'NoneType' object has no attribute 'findAll'
LAMPUNG TENGAH PADANG RATU 'NoneType' object has no attribute 'findAll'
LAMPUNG TENGAH PUNGGUR 'NoneType' object has no attribute 'findAll'
LAMPUNG TENGAH SEPUTIH RAMAN 'NoneType' object has no attribute 'findAll'
LAMPUNG TENGAH TERUSAN NUNYAI 'NoneType' object has no attribute 'findAll'
LAMPUNG TENGAH TRIMURJO 'NoneType' object has no attribute 'findAll'
LAMPUNG TENGAH WAY PANGUBUAN 'NoneType' object has no attribute 'findAll'
Scrape LAMPUNG TIMUR...
Scrape LAMPUNG UTARA...
Scrape LANGKAT...
LANGKAT STABAT 'NoneType' object has no attribute 'findAll'
Scrape LANGSA...
Scrape LANNY JAYA...
Scrape LARANTUKA...
Scrape LEBAK...
LEBAK LEUWI DAMAR 'NoneType' object has no attribute 'findAll'
Scrape LEBONG...
Scrape LEWOLEBA...
Scrape LHOKSEUMAWE...
Scrape LHOKSUKON...
Scrape LINGGA...
Scrape LOMBOK...
Scrape LOMBOK BARAT...
Scrape LOMBOK UTARA...
Scrape LUBUK BASUNG...
Scrape LUBUK LINGGAU...
LUBUK LINGGAU LUBUK LINGGAU SELATAN I 'NoneType' object has no attribute 'findAll'
LUBUK LINGGAU LUBUK LINGGAU SELATAN II 'NoneType' object has no attribute 'findAll'
Scrape LUBUK PAKAM...
Scrape LUMAJANG...
Scrape LUWU...
LUWU PONRANG SELATAN 'NoneType' object has no attribute 'findAll'
Scrape MADIUN...
Scrape MAGELANG...
Expecting value: line 1 column 1 (char 0)
Scrape MAGETAN...
MAGETAN KARTOHARJO 'NoneType' object has no attribute 'findAll'
Scrape MAJALENGKA...
Scrape MAJENE...
MAJENE BANGGAE 'NoneType' object has no attribute 'findAll'
MAJENE BANGGAE TIMUR  'NoneType' object has no attribute 'findAll'
MAJENE MALUNDA 'NoneType' object has no attribute 'findAll'
MAJENE PAMBOANG 'NoneType' object has no attribute 'findAll'
MAJENE SENDANA 'NoneType' object has no attribute 'findAll'
MAJENE TAMMEREDO SENDANA  'NoneType' object has no attribute 'findAll'
MAJENE TUBO / TUBO SENDANA 'NoneType' object has no attribute 'findAll'
MAJENE ULUMUNDA 'NoneType' object has no attribute 'findAll'
Scrape MAKASSAR...
MAKASSAR UJUNG TANAH 'NoneType' object has no attribute 'findAll'
Scrape MALAKA...
Scrape MALANG...
Scrape MALILI...
MALILI NUHA 'NoneType' object has no attribute 'findAll'
MALILI TOWUTI 'NoneType' object has no attribute 'findAll'
MALILI WASUPONDA 'NoneType' object has no attribute 'findAll'
Scrape MALINAU...
Scrape MALUKU BARAT DAYA...
Expecting value: line 1 column 1 (char 0)
Scrape MALUKU TENGAH...
MALUKU TENGAH SALUHUTU 'NoneType' object has no attribute 'findAll'
Scrape MALUKU TENGGARA...
MALUKU TENGGARA HOAT SORBAY 'NoneType' object has no attribute 'findAll'
MALUKU TENGGARA KEI BESAR SELATAN BARAT 'NoneType' object has no attribute 'findAll'
MALUKU TENGGARA KEI BESAR UTARA BARAT 'NoneType' object has no attribute 'findAll'
MALUKU TENGGARA KEI KECIL TIMUR SELATAN 'NoneType' object has no attribute 'findAll'
MALUKU TENGGARA MANYEUW 'NoneType' object has no attribute 'findAll'
Scrape MALUKU TENGGARA BARAT...
MALUKU TENGGARA BARAT TANIMBAR 'NoneType' object has no attribute 'findAll'
Scrape MAMASA...
Scrape MAMBERAMO RAYA...
Scrape MAMBERAMO TENGAH...
Scrape MAMUJU...
MAMUJU BONEHAU 'NoneType' object has no attribute 'findAll'
Scrape MANADO...
Scrape MANDAILING NATAL...
Scrape MANNA...
Scrape MANOKWARI...
MANOKWARI MENYAMBOW 'NoneType' object has no attribute 'findAll'
MANOKWARI WARMANE 'NoneType' object has no attribute 'findAll'
Scrape MANOKWARI SELATAN...
Scrape MAPPI...
Scrape MARABAHAN...
Scrape MARISA...
Scrape MAROS...
Scrape MARTAPURA(BANJARMASIN)...
MARTAPURA(BANJARMASIN) SEI/SUNGAI PINANG 'NoneType' object has no attribute 'findAll'
Scrape MASAMBA...
Scrape MATARAM...
MATARAM NARMADA 'NoneType' object has no attribute 'findAll'
Scrape MAUMERE...
Scrape MAYBRAT...
Scrape MBAY...
Scrape MEDAN...
MEDAN MEDAN KOTA 'NoneType' object has no attribute 'findAll'
MEDAN MEDAN MARELAN 'NoneType' object has no attribute 'findAll'
Scrape MELAWI...
Scrape MEMPAWAH...
Scrape MENTAWAI...
Scrape MERAUKE...
Scrape MESUJI...
Expecting value: line 1 column 1 (char 0)
Scrape METRO...
Scrape MEULABOH...
Scrape MEUREUDU...
Scrape MIMIKA...
Scrape MINAHASA...
Scrape MINAHASA SELATAN...
Scrape MINAHASA TENGGARA...
MINAHASA TENGGARA PUSOMAEN 'NoneType' object has no attribute 'findAll'
Scrape MINAHASA UTARA...
MINAHASA UTARA LIKUPANG TIMUR 'NoneType' object has no attribute 'findAll'
Scrape MOJOKERTO...
MOJOKERTO MOJOSARI 'NoneType' object has no attribute 'findAll'
Scrape MOJOSARI...
'list' object has no attribute 'keys'
Scrape MONGONDOW SELATAN...
Scrape MOROWALI...
MOROWALI BUNGKU UTARA 'NoneType' object has no attribute 'findAll'
MOROWALI LEMBO 'NoneType' object has no attribute 'findAll'
MOROWALI MAMOSALATO 'NoneType' object has no attribute 'findAll'
MOROWALI MORI ATAS 'NoneType' object has no attribute 'findAll'
MOROWALI PETASIA 'NoneType' object has no attribute 'findAll'
MOROWALI PETASIA BARAT 'NoneType' object has no attribute 'findAll'
MOROWALI PETASIA TIMUR 'NoneType' object has no attribute 'findAll'
MOROWALI SOYO JAYA 'NoneType' object has no attribute 'findAll'
Scrape MOROWALI UTARA...
Scrape MUARA BADAK...
Scrape MUARA BUNGO...
MUARA BUNGO TANAH BUMBU 'NoneType' object has no attribute 'findAll'
Scrape MUARA DUA...
MUARA DUA MEKAKU ILIR 'NoneType' object has no attribute 'findAll'
MUARA DUA TIGA HAJI 'NoneType' object has no attribute 'findAll'
Scrape MUARA ENIM...
Scrape MUARA TEWEH...
Scrape MUARO JAMBI...
Scrape MUKO-MUKO...
MUKO-MUKO AIR DIKIT 'NoneType' object has no attribute 'findAll'
MUKO-MUKO AIR MAJUNTO 'NoneType' object has no attribute 'findAll'
MUKO-MUKO AIR RAMI 'NoneType' object has no attribute 'findAll'
MUKO-MUKO LUBUK PINANG 'NoneType' object has no attribute 'findAll'
MUKO-MUKO MALIN DEMAN 'NoneType' object has no attribute 'findAll'
MUKO-MUKO MUKO-MUKO SELATAN 'NoneType' object has no attribute 'findAll'
MUKO-MUKO MUKO-MUKO UTARA 'NoneType' object has no attribute 'findAll'
MUKO-MUKO PENARIK 'NoneType' object has no attribute 'findAll'
MUKO-MUKO PONDOK SUGUH 'NoneType' object has no attribute 'findAll'
MUKO-MUKO SELAGAN RAYA 'NoneType' object has no attribute 'findAll'
MUKO-MUKO SUNGAI RUMBAI 'NoneType' object has no attribute 'findAll'
MUKO-MUKO TERAMANG JAYA 'NoneType' object has no attribute 'findAll'
MUKO-MUKO TERAS TERUNJAM 'NoneType' object has no attribute 'findAll'
MUKO-MUKO V KOTO 'NoneType' object has no attribute 'findAll'
MUKO-MUKO XIV KOTO 'NoneType' object has no attribute 'findAll'
Scrape MUNA...
Scrape MUNGKID...
Scrape MURUNG RAYA...
'NoneType' object is not subscriptable
Scrape MUSI RAWAS...
Scrape MUSI RAWAS UTARA...
MUSI RAWAS UTARA NIBUNG 'NoneType' object has no attribute 'findAll'
Scrape NABIRE...
Scrape NAGAN RAYA...
Scrape NATUNA...
Scrape NDUGA...
Scrape NGABANG...
Scrape NGANJUK...
Scrape NGASEM...
NGASEM BADAS 'NoneType' object has no attribute 'findAll'
NGASEM BANYAKAN 'NoneType' object has no attribute 'findAll'
NGASEM GAMPENGREJO 'NoneType' object has no attribute 'findAll'
NGASEM GROGOL 'NoneType' object has no attribute 'findAll'
NGASEM GURAH 'NoneType' object has no attribute 'findAll'
NGASEM KANDANGAN 'NoneType' object has no attribute 'findAll'
NGASEM KANDAT 'NoneType' object has no attribute 'findAll'
NGASEM KAYEN KIDUL 'NoneType' object has no attribute 'findAll'
NGASEM KEPUNG 'NoneType' object has no attribute 'findAll'
NGASEM KRAS 'NoneType' object has no attribute 'findAll'
NGASEM KUNJANG 'NoneType' object has no attribute 'findAll'
NGASEM MOJO 'NoneType' object has no attribute 'findAll'
NGASEM NGADILUWIH 'NoneType' object has no attribute 'findAll'
NGASEM NGANCAR 'NoneType' object has no attribute 'findAll'
NGASEM NGASEM 'NoneType' object has no attribute 'findAll'
NGASEM PAGU 'NoneType' object has no attribute 'findAll'
NGASEM PAPAR 'NoneType' object has no attribute 'findAll'
NGASEM PARE 'NoneType' object has no attribute 'findAll'
NGASEM PLOSOKLATEN 'NoneType' object has no attribute 'findAll'
NGASEM PUNCU 'NoneType' object has no attribute 'findAll'
NGASEM PURWOSARI 'NoneType' object has no attribute 'findAll'
NGASEM RINGINREJO 'NoneType' object has no attribute 'findAll'
NGASEM SEMEN 'NoneType' object has no attribute 'findAll'
NGASEM TAROKAN 'NoneType' object has no attribute 'findAll'
NGASEM WATES 'NoneType' object has no attribute 'findAll'
Scrape NGAWI...
Scrape NIAS BARAT...
Scrape NIAS SELATAN...
Scrape NIAS UTARA...
Scrape NUNUKAN...
Scrape OELAMASI...
Scrape OGAN ILIR...
OGAN ILIR MUARA KARANG 'NoneType' object has no attribute 'findAll'
OGAN ILIR TANJUNG BATU 'NoneType' object has no attribute 'findAll'
Scrape OGAN KOMERING ULU TIMUR...
Scrape PACITAN...
PACITAN PRINGKUKU 'NoneType' object has no attribute 'findAll'
Scrape PADANG...
PADANG PADANG BARAT 'NoneType' object has no attribute 'findAll'
PADANG PADANG SELATAN 'NoneType' object has no attribute 'findAll'
Scrape PADANG LAWAS...
PADANG LAWAS HUTA RAJA TINGGI 'NoneType' object has no attribute 'findAll'
Scrape PADANG LAWAS UTARA...
Scrape PADANG PANJANG...
'list' object has no attribute 'keys'
Scrape PADANG PARIAMAN...
PADANG PARIAMAN LUBUK ALUNG 'NoneType' object has no attribute 'findAll'
PADANG PARIAMAN PARIAMAN TIMUR 'NoneType' object has no attribute 'findAll'
Scrape PAGAR ALAM...
PAGAR ALAM PAGAR ALAM UTARA 'NoneType' object has no attribute 'findAll'
Scrape PAITON...
Scrape PAKPAK BHARAT...
Scrape PALANGKARAYA...
Scrape PALARAN...
Scrape PALEMBANG...
Scrape PALOPO...
Scrape PALU...
Scrape PAMEKASAN...
PAMEKASAN KADUR 'NoneType' object has no attribute 'findAll'
Scrape PANDAAN...
PANDAAN GEMPOL 'NoneType' object has no attribute 'findAll'
Scrape PANDEGLANG...
PANDEGLANG CIKEDAL 'NoneType' object has no attribute 'findAll'
Scrape PANGANDARAN...
Scrape PANGKAJENE...
Scrape PANGKAL PINANG...
Scrape PANGKALANBUN...
Scrape PANIAI...
Scrape PARE PARE...
Scrape PARIAMAN...
Scrape PARIGI MOUTONG...
Scrape PASAMAN...
Scrape PASAMAN BARAT...
PASAMAN BARAT LUBUK BASUNG 'NoneType' object has no attribute 'findAll'
Scrape PASANG KAYU...
Scrape PASER...
PASER BATU ENGAU 'NoneType' object has no attribute 'findAll'
Scrape PASURUAN...
PASURUAN BANGIL 'NoneType' object has no attribute 'findAll'
PASURUAN BEJI 'NoneType' object has no attribute 'findAll'
PASURUAN REMBANG 'NoneType' object has no attribute 'findAll'
Scrape PATI...
PATI MARGOYOSO 'NoneType' object has no attribute 'findAll'
Scrape PAYAKUMBUH...
Scrape PEGUNUNGAN BINTANG...
Scrape PEKALONGAN...
Scrape PEKANBARU...
Scrape PELABUHAN RATU...
Scrape PELALAWAN...
'NoneType' object is not subscriptable
Scrape PEMALANG...
Scrape PEMATANG SIANTAR...
Scrape PENAJAM...
Scrape PENUKAL ABAB LEMATANG ILIR...
Scrape PESAWARAN...
Scrape PESISIR BARAT...
Scrape PESISIR SELATAN...
Scrape PINRANG...
Scrape POLEWALI...
Scrape PONOROGO...
Scrape PONTIANAK...
PONTIANAK SIANTAN 'NoneType' object has no attribute 'findAll'
Scrape POSO...
POSO POSO PESISIR？SELATAN 'NoneType' object has no attribute 'findAll'
Scrape PRABUMULIH...
Scrape PRINGSEWU...
PRINGSEWU ADI LUWIH 'NoneType' object has no attribute 'findAll'
PRINGSEWU AMBARAWA 'NoneType' object has no attribute 'findAll'
PRINGSEWU BANYUMAS 'NoneType' object has no attribute 'findAll'
PRINGSEWU GADING REJO 'NoneType' object has no attribute 'findAll'
PRINGSEWU PAGELARAN 'NoneType' object has no attribute 'findAll'
PRINGSEWU PARDASUKA 'NoneType' object has no attribute 'findAll'
PRINGSEWU PRINGSEWU 'NoneType' object has no attribute 'findAll'
PRINGSEWU SUKOHARJO 'NoneType' object has no attribute 'findAll'
Scrape PROBOLINGGO...
Scrape PULANG PISAU...
PULANG PISAU BANAMATINGANG 'NoneType' object has no attribute 'findAll'
PULANG PISAU BASARANG 'NoneType' object has no attribute 'findAll'
PULANG PISAU BATAGUH 'NoneType' object has no attribute 'findAll'
PULANG PISAU DADAHUP 'NoneType' object has no attribute 'findAll'
PULANG PISAU KAPUAS HULU 'NoneType' object has no attribute 'findAll'
PULANG PISAU KAPUAS MURUNG 'NoneType' object has no attribute 'findAll'
PULANG PISAU KAPUAS TENGAH 'NoneType' object has no attribute 'findAll'
PULANG PISAU MANDAU TALAWANG 'NoneType' object has no attribute 'findAll'
PULANG PISAU MANTANGAI 'NoneType' object has no attribute 'findAll'
PULANG PISAU PANDIH BATU 'NoneType' object has no attribute 'findAll'
PULANG PISAU PASAK TALAWANG 'NoneType' object has no attribute 'findAll'
PULANG PISAU PULAU PETAK 'NoneType' object has no attribute 'findAll'
PULANG PISAU SEBANGAU KUALA 'NoneType' object has no attribute 'findAll'
PULANG PISAU TAMBAH CATUR 'NoneType' object has no attribute 'findAll'
PULANG PISAU TIMPAH 'NoneType' object has no attribute 'findAll'
Scrape PULAU MOROTAI...
Scrape PUNCAK...
Scrape PUNCAK JAYA...
Scrape PURBALINGGA...
Scrape PURWAKARTA...
Scrape PURWOREJO...
Scrape RAJA AMPAT...
Scrape RANTAU(BANJARMASIN)...
RANTAU(BANJARMASIN) HATUNGUN 'NoneType' object has no attribute 'findAll'
Scrape REJANG LEBONG...
REJANG LEBONG SINDANG KELINCI 'NoneType' object has no attribute 'findAll'
Scrape REMBANG...
Scrape ROKAN HILIR...
ROKAN HILIR ROKAN HILIR 'NoneType' object has no attribute 'findAll'
Scrape ROKAN HULU...
Scrape RUTENG...
Scrape SABANG...
Scrape SABU RAIJUA...
Scrape SALATIGA...
Scrape SAMARINDA...
Scrape SAMBAS...
Scrape SAMOSIR...
Scrape SAMPANG...
SAMPANG KEPATANG 'NoneType' object has no attribute 'findAll'
Scrape SANANA...
SANANA MANGOLI UTARA TIMUR 'NoneType' object has no attribute 'findAll'
Scrape SANGGAU...
Scrape SARMI...
Scrape SAROLANGUN...
SAROLANGUN BATHIN VII 'NoneType' object has no attribute 'findAll'
SAROLANGUN CERMIN NAN GADANG 'NoneType' object has no attribute 'findAll'
Scrape SAWAH LUNTO...
Scrape SEKADAU...
Scrape SEKAYU...
Scrape SELAYAR...
Scrape SELONG...
Scrape SELUMA...
Scrape SEMARANG...
Scrape SENDAWAR...
Scrape SENTANI...
SENTANI KEMTUK GRASI 'NoneType' object has no attribute 'findAll'
SENTANI SENTANI BARAT 'NoneType' object has no attribute 'findAll'
Scrape SERAM BAGIAN BARAT...
Scrape SERAM BAGIAN TIMUR...
Scrape SERANG...
Scrape SERDANG BEDAGAI...
Scrape SERUI...
Scrape SIAK...
Scrape SIBOLGA...
Scrape SIDENRENG RAPANG...
Scrape SIDOARJO...
Scrape SIGI...
Scrape SIGLI...
Scrape SIJUNJUNG...
Scrape SIMALUNGUN...
Scrape SIMPANG TIGA REDELONG...
Scrape SINABANG...
Scrape SINGKAWANG...
Scrape SINGKIL...
Scrape SINJAI...
Scrape SINTANG...
Scrape SIPIROK...
SIPIROK ANGKOLA TIMUR 'NoneType' object has no attribute 'findAll'
Scrape SITUBONDO...
Scrape SLAWI...
SLAWI BUMIJAYA 'NoneType' object has no attribute 'findAll'
Scrape SLEMAN...
Scrape SOE...
SOE AMANUBAN SELATAN 'NoneType' object has no attribute 'findAll'
Scrape SOLO...
Scrape SOLOK...
SOLOK TALAWI 'NoneType' object has no attribute 'findAll'
Scrape SOLOK SELATAN...
SOLOK SELATAN KOTA PARIK GADANG DIATEH 'NoneType' object has no attribute 'findAll'
SOLOK SELATAN SANGIR JUJUAN 'NoneType' object has no attribute 'findAll'
Scrape SOPPENG...
Scrape SORENDIWERI...
Scrape SORONG...
Scrape SORONG SELATAN...
Scrape SRAGEN...
SRAGEN PUPUH 'NoneType' object has no attribute 'findAll'
Scrape STABAT...
Scrape SUBANG...
Scrape SUBULUSSALAM...
Scrape SUKABUMI...
SUKABUMI BANTARGADUNG 'NoneType' object has no attribute 'findAll'
SUKABUMI BOJONG GENTENG 'NoneType' object has no attribute 'findAll'
SUKABUMI CIBITUNG 'NoneType' object has no attribute 'findAll'
SUKABUMI CIEMAS 'NoneType' object has no attribute 'findAll'
SUKABUMI CIKAKAK 'NoneType' object has no attribute 'findAll'
SUKABUMI CIKIDANG 'NoneType' object has no attribute 'findAll'
SUKABUMI CIMANGGU 'NoneType' object has no attribute 'findAll'
SUKABUMI CIRACAP 'NoneType' object has no attribute 'findAll'
SUKABUMI CISOLOK 'NoneType' object has no attribute 'findAll'
SUKABUMI JAMPANG KULON 'NoneType' object has no attribute 'findAll'
SUKABUMI JAMPANG TENGAH 'NoneType' object has no attribute 'findAll'
SUKABUMI KALI BUNDER 'NoneType' object has no attribute 'findAll'
SUKABUMI NAGRAK 'NoneType' object has no attribute 'findAll'
SUKABUMI SIMPENAN 'NoneType' object has no attribute 'findAll'
SUKABUMI SURADE 'NoneType' object has no attribute 'findAll'
SUKABUMI TEGAL BULEUD 'NoneType' object has no attribute 'findAll'
SUKABUMI WALURAN 'NoneType' object has no attribute 'findAll'
SUKABUMI WARUNG KIARA 'NoneType' object has no attribute 'findAll'
Scrape SUKAMARA...
SUKAMARA BATANG KAWA 'NoneType' object has no attribute 'findAll'
SUKAMARA BELANTIKAN RAYA 'NoneType' object has no attribute 'findAll'
SUKAMARA DELANG 'NoneType' object has no attribute 'findAll'
SUKAMARA LAMANDAU 'NoneType' object has no attribute 'findAll'
Scrape SUKOHARJO...
Scrape SUMBAWA BARAT...
SUMBAWA BARAT SEKONGKANG 'NoneType' object has no attribute 'findAll'
Scrape SUMBAWA BESAR...
Scrape SUMEDANG...
Scrape SUMENEP...
Scrape SUNGAI PENUH...
Scrape SURABAYA...
'NoneType' object is not subscriptable
Scrape SUWAWA...
SUWAWA BULANGO SELATAN 'NoneType' object has no attribute 'findAll'
Scrape TABALONG...
Scrape TABANAN...
Scrape TAHUNA...
Scrape TAKALAR...
Scrape TAKENGON...
Scrape TAMBOLAKA...
Scrape TAMBRAUW...
Scrape TAMIANG LAYANG...
TAMIANG LAYANG BANUA LIMA 'NoneType' object has no attribute 'findAll'
Scrape TANA TIDUNG...
TANA TIDUNG SESAYAP ILIR 'NoneType' object has no attribute 'findAll'
Scrape TANA TORAJA...
Scrape TANAH BUMBU...
TANAH BUMBU BATU LICIN 'NoneType' object has no attribute 'findAll'
TANAH BUMBU SUNGAI LOBAN 'NoneType' object has no attribute 'findAll'
Scrape TANAH DATAR...
Scrape TANAH LAUT...
Scrape TANGERANG...
Scrape TANGGAMUS...
TANGGAMUS AIR NANINGAN 'NoneType' object has no attribute 'findAll'
TANGGAMUS BANDAR NEGERI SEMUONG 'NoneType' object has no attribute 'findAll'
TANGGAMUS BULOK 'NoneType' object has no attribute 'findAll'
TANGGAMUS CUKUH BALAK 'NoneType' object has no attribute 'findAll'
TANGGAMUS GISTING 'NoneType' object has no attribute 'findAll'
TANGGAMUS GUNUNG ALIP 'NoneType' object has no attribute 'findAll'
TANGGAMUS KELUMBAYAN 'NoneType' object has no attribute 'findAll'
TANGGAMUS KELUMBAYAN BARAT 'NoneType' object has no attribute 'findAll'
TANGGAMUS KOTA AGUNG BARAT 'NoneType' object has no attribute 'findAll'
TANGGAMUS KOTA AGUNG PUSAT 'NoneType' object has no attribute 'findAll'
TANGGAMUS KOTA AGUNG TIMUR 'NoneType' object has no attribute 'findAll'
TANGGAMUS LIMAU 'NoneType' object has no attribute 'findAll'
TANGGAMUS PEMATANG SAWA 'NoneType' object has no attribute 'findAll'
TANGGAMUS PUGUNG 'NoneType' object has no attribute 'findAll'
TANGGAMUS PULAU PANGGUNG 'NoneType' object has no attribute 'findAll'
TANGGAMUS SEMAKA 'NoneType' object has no attribute 'findAll'
TANGGAMUS SUMBEREJO 'NoneType' object has no attribute 'findAll'
TANGGAMUS TALANG PADANG 'NoneType' object has no attribute 'findAll'
TANGGAMUS ULUBELU 'NoneType' object has no attribute 'findAll'
TANGGAMUS WONOSOBO 'NoneType' object has no attribute 'findAll'
Scrape TANJUNG BALAI...
Scrape TANJUNG JABUNG BARAT...
TANJUNG JABUNG BARAT MERLUNG 'NoneType' object has no attribute 'findAll'
Scrape TANJUNG JABUNG TIMUR...
Scrape TANJUNG PINANG...
TANJUNG PINANG BUKIT LESTARI 'NoneType' object has no attribute 'findAll'
TANJUNG PINANG TANJUNG PINANG BARAT 'NoneType' object has no attribute 'findAll'
TANJUNG PINANG TANJUNG PINANG KOTA 'NoneType' object has no attribute 'findAll'
TANJUNG PINANG TANJUNG PINANG TIMUR 'NoneType' object has no attribute 'findAll'
Scrape TAPANULI SELATAN...
TAPANULI SELATAN PADANG SIDEMPUN UTARA 'NoneType' object has no attribute 'findAll'
Scrape TAPANULI TENGAH...
TAPANULI TENGAH SITAHUIS 'NoneType' object has no attribute 'findAll'
Scrape TAPANULI UTARA...
Scrape TARAKAN...
Scrape TASIKMALAYA...
Scrape TEBING TINGGI...
Scrape TEBO...
Scrape TEGAL...
Scrape TELUK BINTUNI...
Scrape TELUK WONDAMA...
Scrape TEMANGGUNG...
Scrape TENGGARONG...
Scrape TERNATE...
Scrape TIDORE...
Scrape TILAMUTA...
TILAMUTA PAGUYAMAN HTTPConnectionPool(host='www.jet.co.id', port=80): Read timed out. (read timeout=None)
TILAMUTA WONOSARI 'NoneType' object has no attribute 'findAll'
Scrape TIMOR TENGAH UTARA...
TIMOR TENGAH UTARA BIBOKI ANLEU 'NoneType' object has no attribute 'findAll'
TIMOR TENGAH UTARA BIBOKI FEOTLEU 'NoneType' object has no attribute 'findAll'
TIMOR TENGAH UTARA BIBOKI MOENLEU 'NoneType' object has no attribute 'findAll'
TIMOR TENGAH UTARA BIBOKI SELATAN 'NoneType' object has no attribute 'findAll'
TIMOR TENGAH UTARA BIBOKI TAN PAH 'NoneType' object has no attribute 'findAll'
TIMOR TENGAH UTARA BIBOKI UTARA 'NoneType' object has no attribute 'findAll'
TIMOR TENGAH UTARA BIKOMI NILULAT 'NoneType' object has no attribute 'findAll'
TIMOR TENGAH UTARA BIKOMI SELATAN 'NoneType' object has no attribute 'findAll'
TIMOR TENGAH UTARA BIKOMI TENGAH 'NoneType' object has no attribute 'findAll'
TIMOR TENGAH UTARA BIKOMI UTARA 'NoneType' object has no attribute 'findAll'
TIMOR TENGAH UTARA INSANA 'NoneType' object has no attribute 'findAll'
TIMOR TENGAH UTARA INSANA BARAT 'NoneType' object has no attribute 'findAll'
TIMOR TENGAH UTARA INSANA FAFINESU 'NoneType' object has no attribute 'findAll'
TIMOR TENGAH UTARA INSANA TENGAH 'NoneType' object has no attribute 'findAll'
TIMOR TENGAH UTARA INSANA UTARA 'NoneType' object has no attribute 'findAll'
TIMOR TENGAH UTARA KOTA KEFAMENANU 'NoneType' object has no attribute 'findAll'
TIMOR TENGAH UTARA MIOMAFFO BARAT 'NoneType' object has no attribute 'findAll'
TIMOR TENGAH UTARA MIOMAFFO TENGAH 'NoneType' object has no attribute 'findAll'
TIMOR TENGAH UTARA MIOMAFFO TIMUR 'NoneType' object has no attribute 'findAll'
TIMOR TENGAH UTARA MUSI 'NoneType' object has no attribute 'findAll'
TIMOR TENGAH UTARA MUTIS 'NoneType' object has no attribute 'findAll'
TIMOR TENGAH UTARA NAIBENU 'NoneType' object has no attribute 'findAll'
TIMOR TENGAH UTARA NOEMUTI 'NoneType' object has no attribute 'findAll'
TIMOR TENGAH UTARA NOEMUTI TIMUR 'NoneType' object has no attribute 'findAll'
Scrape TOBA SAMOSIR...
Scrape TOJO UNA-UNA...
TOJO UNA-UNA TOGEAN 'NoneType' object has no attribute 'findAll'
Scrape TOLI-TOLI...
Scrape TOLIKARA...
TOLIKARA KUBU 'NoneType' object has no attribute 'findAll'
Scrape TOMOHON...
Scrape TORAJA UTARA...
TORAJA UTARA SA DAN 'NoneType' object has no attribute 'findAll'
Scrape TRENGGALEK KOTA...
Scrape TUAL...
Scrape TUBAN...
TUBAN PLUMPANG 'NoneType' object has no attribute 'findAll'
Scrape TULANG BAWANG...
TULANG BAWANG BANJAR AGUNG 'NoneType' object has no attribute 'findAll'
TULANG BAWANG BANJAR MARGO 'NoneType' object has no attribute 'findAll'
TULANG BAWANG DENTE TELADAS 'NoneType' object has no attribute 'findAll'
TULANG BAWANG GEDUNG AJI 'NoneType' object has no attribute 'findAll'
TULANG BAWANG GEDUNG AJI BARU 'NoneType' object has no attribute 'findAll'
TULANG BAWANG GEDUNG MENENG 'NoneType' object has no attribute 'findAll'
TULANG BAWANG MENGGALA 'NoneType' object has no attribute 'findAll'
TULANG BAWANG MERAKSA AJI 'NoneType' object has no attribute 'findAll'
TULANG BAWANG PENAWAR AJI 'NoneType' object has no attribute 'findAll'
TULANG BAWANG PENAWAR TAMA 'NoneType' object has no attribute 'findAll'
TULANG BAWANG RAWA PITU 'NoneType' object has no attribute 'findAll'
TULANG BAWANG RAWAJITU SELATAN 'NoneType' object has no attribute 'findAll'
TULANG BAWANG RAWAJITU TIMUR 'NoneType' object has no attribute 'findAll'
TULANG BAWANG RAWAJITU UTARA 'NoneType' object has no attribute 'findAll'
Scrape TULANG BAWANG BARAT...
Scrape TULUNG AGUNG...
TULUNG AGUNG SENDANG 'NoneType' object has no attribute 'findAll'
Scrape UNGARAN...
Scrape WAIBAKUL...
Scrape WAIKABUBAK...
Scrape WAINGAPU...
Scrape WAJO...
Scrape WAKATOBI...
Scrape WAROPEN...
Scrape WAY KANAN...
WAY KANAN BAHUGA 'NoneType' object has no attribute 'findAll'
WAY KANAN BANJIT 'NoneType' object has no attribute 'findAll'
WAY KANAN BARADATU 'NoneType' object has no attribute 'findAll'
WAY KANAN BLAMBANGAN UMPU 'NoneType' object has no attribute 'findAll'
WAY KANAN BUAY BAHUGA 'NoneType' object has no attribute 'findAll'
WAY KANAN BUMI AGUNG 'NoneType' object has no attribute 'findAll'
WAY KANAN GUNUNG LABUHAN 'NoneType' object has no attribute 'findAll'
WAY KANAN KASUI 'NoneType' object has no attribute 'findAll'
WAY KANAN NEGARA BATIN 'NoneType' object has no attribute 'findAll'
WAY KANAN NEGERI AGUNG 'NoneType' object has no attribute 'findAll'
WAY KANAN NEGERI BESAR 'NoneType' object has no attribute 'findAll'
WAY KANAN PAKUAN RATU 'NoneType' object has no attribute 'findAll'
WAY KANAN REBANG TANGKAS 'NoneType' object has no attribute 'findAll'
WAY KANAN WAY TUBA 'NoneType' object has no attribute 'findAll'
Scrape WLINGI...
Scrape WONOGIRI...
WONOGIRI PRACIMANTORO 'NoneType' object has no attribute 'findAll'
WONOGIRI SLOGOHIMO 'NoneType' object has no attribute 'findAll'
Scrape WONOSARI...
WONOSARI TANJUNGSARI 'NoneType' object has no attribute 'findAll'
Scrape WONOSOBO...
Scrape YAHUKIMO...
YAHUKIMO SOLOIKMA 'NoneType' object has no attribute 'findAll'
Scrape YALIMO...
Scrape YAPEN WAROPEN...
Scrape YOGYAKARTA...

real	674m48.677s
user	2m21.044s
sys	0m5.190s
